# JRE version: Java(TM) SE Runtime Environment (7.0_51-b13) (build 1.7.0_51-b13)
# Java VM: Java HotSpot(TM) 64-Bit Server VM (24.51-b03 mixed mode bsd-amd64 compressed oops)
Heap
 par new generation   total 39296K, used 5262K [0x0000000740000000, 0x0000000742aa0000, 0x0000000754cc0000)
  eden space 34944K,   2% used [0x0000000740000000, 0x00000007400e3880, 0x0000000742220000)
  from space 4352K, 100% used [0x0000000742220000, 0x0000000742660000, 0x0000000742660000)
  to   space 4352K,   0% used [0x0000000742660000, 0x0000000742660000, 0x0000000742aa0000)
 concurrent mark-sweep generation total 234592K, used 171081K [0x0000000754cc0000, 0x00000007631d8000, 0x0000000780000000)
 concurrent-mark-sweep perm gen total 450624K, used 301794K [0x0000000780000000, 0x000000079b810000, 0x0000000800000000)
GC Heap History (10 events):
Event: 5526.766 GC heap before
{Heap before GC invocations=329 (full 16):
 par new generation   total 39296K, used 39295K [0x0000000740000000, 0x0000000742aa0000, 0x0000000754cc0000)
  eden space 34944K, 100% used [0x0000000740000000, 0x0000000742220000, 0x0000000742220000)
  from space 4352K,  99% used [0x0000000742660000, 0x0000000742a9fff8, 0x0000000742aa0000)
  to   space 4352K,   0% used [0x0000000742220000, 0x0000000742220000, 0x0000000742660000)
 concurrent mark-sweep generation total 234592K, used 162734K [0x0000000754cc0000, 0x00000007631d8000, 0x0000000780000000)
 concurrent-mark-sweep perm gen total 450624K, used 280181K [0x0000000780000000, 0x000000079b810000, 0x0000000800000000)
Event: 5526.775 GC heap after
Heap after GC invocations=330 (full 16):
 par new generation   total 39296K, used 3152K [0x0000000740000000, 0x0000000742aa0000, 0x0000000754cc0000)
  eden space 34944K,   0% used [0x0000000740000000, 0x0000000740000000, 0x0000000742220000)
  from space 4352K,  72% used [0x0000000742220000, 0x0000000742534030, 0x0000000742660000)
  to   space 4352K,   0% used [0x0000000742660000, 0x0000000742660000, 0x0000000742aa0000)
 concurrent mark-sweep generation total 234592K, used 163323K [0x0000000754cc0000, 0x00000007631d8000, 0x0000000780000000)
 concurrent-mark-sweep perm gen total 450624K, used 280181K [0x0000000780000000, 0x000000079b810000, 0x0000000800000000)
}
Event: 5527.333 GC heap before
{Heap before GC invocations=330 (full 16):
 par new generation   total 39296K, used 38096K [0x0000000740000000, 0x0000000742aa0000, 0x0000000754cc0000)
  eden space 34944K, 100% used [0x0000000740000000, 0x0000000742220000, 0x0000000742220000)
  from space 4352K,  72% used [0x0000000742220000, 0x0000000742534030, 0x0000000742660000)
  to   space 4352K,   0% used [0x0000000742660000, 0x0000000742660000, 0x0000000742aa0000)
 concurrent mark-sweep generation total 234592K, used 163323K [0x0000000754cc0000, 0x00000007631d8000, 0x0000000780000000)
 concurrent-mark-sweep perm gen total 450624K, used 286373K [0x0000000780000000, 0x000000079b810000, 0x0000000800000000)
Event: 5527.350 GC heap after
Heap after GC invocations=331 (full 16):
 par new generation   total 39296K, used 4352K [0x0000000740000000, 0x0000000742aa0000, 0x0000000754cc0000)
  eden space 34944K,   0% used [0x0000000740000000, 0x0000000740000000, 0x0000000742220000)
  from space 4352K, 100% used [0x0000000742660000, 0x0000000742aa0000, 0x0000000742aa0000)
  to   space 4352K,   0% used [0x0000000742220000, 0x0000000742220000, 0x0000000742660000)
 concurrent mark-sweep generation total 234592K, used 165583K [0x0000000754cc0000, 0x00000007631d8000, 0x0000000780000000)
 concurrent-mark-sweep perm gen total 450624K, used 286373K [0x0000000780000000, 0x000000079b810000, 0x0000000800000000)
}
Event: 5527.913 GC heap before
{Heap before GC invocations=331 (full 16):
 par new generation   total 39296K, used 39296K [0x0000000740000000, 0x0000000742aa0000, 0x0000000754cc0000)
  eden space 34944K, 100% used [0x0000000740000000, 0x0000000742220000, 0x0000000742220000)
  from space 4352K, 100% used [0x0000000742660000, 0x0000000742aa0000, 0x0000000742aa0000)
  to   space 4352K,   0% used [0x0000000742220000, 0x0000000742220000, 0x0000000742660000)
 concurrent mark-sweep generation total 234592K, used 165583K [0x0000000754cc0000, 0x00000007631d8000, 0x0000000780000000)
 concurrent-mark-sweep perm gen total 450624K, used 292273K [0x0000000780000000, 0x000000079b810000, 0x0000000800000000)
Event: 5527.931 GC heap after
Heap after GC invocations=332 (full 16):
 par new generation   total 39296K, used 4352K [0x0000000740000000, 0x0000000742aa0000, 0x0000000754cc0000)
  eden space 34944K,   0% used [0x0000000740000000, 0x0000000740000000, 0x0000000742220000)
  from space 4352K, 100% used [0x0000000742220000, 0x0000000742660000, 0x0000000742660000)
  to   space 4352K,   0% used [0x0000000742660000, 0x0000000742660000, 0x0000000742aa0000)
 concurrent mark-sweep generation total 234592K, used 168191K [0x0000000754cc0000, 0x00000007631d8000, 0x0000000780000000)
 concurrent-mark-sweep perm gen total 450624K, used 292273K [0x0000000780000000, 0x000000079b810000, 0x0000000800000000)
}
Event: 5528.520 GC heap before
{Heap before GC invocations=332 (full 16):
 par new generation   total 39296K, used 39296K [0x0000000740000000, 0x0000000742aa0000, 0x0000000754cc0000)
  eden space 34944K, 100% used [0x0000000740000000, 0x0000000742220000, 0x0000000742220000)
  from space 4352K, 100% used [0x0000000742220000, 0x0000000742660000, 0x0000000742660000)
  to   space 4352K,   0% used [0x0000000742660000, 0x0000000742660000, 0x0000000742aa0000)
 concurrent mark-sweep generation total 234592K, used 168191K [0x0000000754cc0000, 0x00000007631d8000, 0x0000000780000000)
 concurrent-mark-sweep perm gen total 450624K, used 297558K [0x0000000780000000, 0x000000079b810000, 0x0000000800000000)
Event: 5528.536 GC heap after
Heap after GC invocations=333 (full 16):
 par new generation   total 39296K, used 4351K [0x0000000740000000, 0x0000000742aa0000, 0x0000000754cc0000)
  eden space 34944K,   0% used [0x0000000740000000, 0x0000000740000000, 0x0000000742220000)
  from space 4352K,  99% used [0x0000000742660000, 0x0000000742a9fff0, 0x0000000742aa0000)
  to   space 4352K,   0% used [0x0000000742220000, 0x0000000742220000, 0x0000000742660000)
 concurrent mark-sweep generation total 234592K, used 169736K [0x0000000754cc0000, 0x00000007631d8000, 0x0000000780000000)
 concurrent-mark-sweep perm gen total 450624K, used 297558K [0x0000000780000000, 0x000000079b810000, 0x0000000800000000)
}
Event: 5531.446 GC heap before
{Heap before GC invocations=333 (full 16):
 par new generation   total 39296K, used 39295K [0x0000000740000000, 0x0000000742aa0000, 0x0000000754cc0000)
  eden space 34944K, 100% used [0x0000000740000000, 0x0000000742220000, 0x0000000742220000)
  from space 4352K,  99% used [0x0000000742660000, 0x0000000742a9fff0, 0x0000000742aa0000)
  to   space 4352K,   0% used [0x0000000742220000, 0x0000000742220000, 0x0000000742660000)
 concurrent mark-sweep generation total 234592K, used 169736K [0x0000000754cc0000, 0x00000007631d8000, 0x0000000780000000)
 concurrent-mark-sweep perm gen total 450624K, used 301713K [0x0000000780000000, 0x000000079b810000, 0x0000000800000000)
Event: 5531.459 GC heap after
Heap after GC invocations=334 (full 16):
 par new generation   total 39296K, used 4352K [0x0000000740000000, 0x0000000742aa0000, 0x0000000754cc0000)
  eden space 34944K,   0% used [0x0000000740000000, 0x0000000740000000, 0x0000000742220000)
  from space 4352K, 100% used [0x0000000742220000, 0x0000000742660000, 0x0000000742660000)
  to   space 4352K,   0% used [0x0000000742660000, 0x0000000742660000, 0x0000000742aa0000)
 concurrent mark-sweep generation total 234592K, used 171081K [0x0000000754cc0000, 0x00000007631d8000, 0x0000000780000000)
 concurrent-mark-sweep perm gen total 450624K, used 301713K [0x0000000780000000, 0x000000079b810000, 0x0000000800000000)
}

